<?xml version="1.0" encoding="UTF-8"?>
<testng-results ignored="0" total="1" passed="1" failed="0" skipped="0">
  <reporter-output>
  </reporter-output>
  <suite started-at="2023-09-28T16:35:30 IST" name="Default suite" finished-at="2023-09-28T16:35:44 IST" duration-ms="13838">
    <groups>
    </groups>
    <test started-at="2023-09-28T16:35:30 IST" name="Default test" finished-at="2023-09-28T16:35:44 IST" duration-ms="13838">
      <class name="practice.Login">
        <test-method is-config="true" signature="setup()[pri:0, instance:practice.Login@17fc391b]" started-at="2023-09-28T16:35:30 IST" name="setup" finished-at="2023-09-28T16:35:39 IST" duration-ms="8410" status="PASS">
          <reporter-output>
          </reporter-output>
        </test-method> <!-- setup -->
        <test-method signature="login()[pri:0, instance:practice.Login@17fc391b]" started-at="2023-09-28T16:35:39 IST" name="login" finished-at="2023-09-28T16:35:44 IST" duration-ms="5346" status="PASS">
          <reporter-output>
          </reporter-output>
        </test-method> <!-- login -->
      </class> <!-- practice.Login -->
    </test> <!-- Default test -->
  </suite> <!-- Default suite -->
</testng-results>
